<?xml version="1.0" encoding="UTF-8"?>
<testng-results ignored="0" total="1" passed="1" failed="0" skipped="0">
  <reporter-output>
  </reporter-output>
  <suite started-at="2019-04-25T11:35:44Z" name="Suite" finished-at="2019-04-25T11:36:15Z" duration-ms="31162">
    <groups>
    </groups>
    <test started-at="2019-04-25T11:35:44Z" name="Test" finished-at="2019-04-25T11:36:15Z" duration-ms="31162">
      <class name="sample.VerifyNavigationToPaymentPage">
        <test-method signature="verify()[pri:0, instance:sample.VerifyNavigationToPaymentPage@161479c6]" started-at="2019-04-25T11:35:44Z" name="verify" finished-at="2019-04-25T11:36:15Z" duration-ms="31133" status="PASS">
          <reporter-output>
          </reporter-output>
        </test-method> <!-- verify -->
      </class> <!-- sample.VerifyNavigationToPaymentPage -->
    </test> <!-- Test -->
  </suite> <!-- Suite -->
</testng-results>
