<?xml version="1.0" encoding="UTF-8"?>
<testng-results ignored="0" total="1" passed="1" failed="0" skipped="0">
  <reporter-output>
  </reporter-output>
  <suite started-at="2019-04-26T05:34:13Z" name="Default suite" finished-at="2019-04-26T05:34:35Z" duration-ms="21419">
    <groups>
    </groups>
    <test started-at="2019-04-26T05:34:13Z" name="Default test" finished-at="2019-04-26T05:34:35Z" duration-ms="21419">
      <class name="sample.GetTitle">
        <test-method signature="getTitle()[pri:0, instance:sample.GetTitle@477b4cdf]" started-at="2019-04-26T05:34:13Z" name="getTitle" finished-at="2019-04-26T05:34:35Z" duration-ms="21357" status="PASS">
          <reporter-output>
          </reporter-output>
        </test-method> <!-- getTitle -->
      </class> <!-- sample.GetTitle -->
    </test> <!-- Default test -->
  </suite> <!-- Default suite -->
</testng-results>
